


Processing UserController#chpass2 (for 91.149.228.11 at 2010-06-10 23:13:20) [POST]
  Parameters: {"commit"=>"Zmien", "authenticity_token"=>"6kVPbuu2Q+UTd6xUy9RXyGEslPwPBzI+6vHaTzPauNE=", "user"=>{"username"=>"asdf", "password"=>"asdf"}}
  [4;36;1mUser Load (0.4ms)[0m   [0;1mSELECT * FROM "users" LIMIT 1[0m

Rendering user/chpass2
Completed in 6ms (View: 1, DB: 0) | 200 OK [http://rails.d3v.eu/user/chpass2]


Processing UserController#chpass2 (for 91.149.228.11 at 2010-06-10 23:14:40) [POST]
  Parameters: {"commit"=>"Zmien", "authenticity_token"=>"6kVPbuu2Q+UTd6xUy9RXyGEslPwPBzI+6vHaTzPauNE=", "user"=>{"username"=>"asdf", "password"=>"asdf"}}
  [4;35;1mUser Load (0.4ms)[0m   [0mSELECT * FROM "users" LIMIT 1[0m
Rendering user/chpass2
Completed in 10ms (View: 4, DB: 0) | 200 OK [http://rails.d3v.eu/user/chpass2]
  [4;36;1mSQL (0.6ms)[0m   [0;1m SELECT name
 FROM sqlite_master
 WHERE type = 'table' AND NOT name = 'sqlite_sequence'
[0m
  [4;35;1mSQL (0.2ms)[0m   [0mSELECT version FROM schema_migrations[0m
Migrating to CreateQuestions (20100526203639)
Migrating to CreateTests (20100527163530)
Migrating to User (20100610210456)
  [4;36;1mSQL (0.1ms)[0m   [0;1mselect sqlite_version(*)[0m
  [4;35;1mSQL (0.3ms)[0m   [0m SELECT name
 FROM sqlite_master
 WHERE type = 'table' AND NOT name = 'sqlite_sequence'
[0m
  [4;36;1mSQL (0.2ms)[0m   [0;1mSELECT version FROM schema_migrations[0m
  [4;35;1mSQL (0.2ms)[0m   [0m SELECT name
 FROM sqlite_master
 WHERE type = 'table' AND NOT name = 'sqlite_sequence'
[0m
  [4;36;1mSQL (0.1ms)[0m   [0;1mPRAGMA index_list("questions")[0m
  [4;35;1mSQL (0.1ms)[0m   [0mPRAGMA index_list("tests")[0m
  [4;36;1mSQL (0.1ms)[0m   [0;1mPRAGMA index_list("users")[0m


Processing UserController#chpass2 (for 91.149.228.11 at 2010-06-10 23:18:07) [POST]
  Parameters: {"commit"=>"Zmien", "authenticity_token"=>"6kVPbuu2Q+UTd6xUy9RXyGEslPwPBzI+6vHaTzPauNE=", "user"=>{"username"=>"asdf", "password"=>"asdf"}}
  [4;36;1mUser Load (0.4ms)[0m   [0;1mSELECT * FROM "users" LIMIT 1[0m
Rendering user/chpass2
Completed in 6ms (View: 1, DB: 0) | 200 OK [http://rails.d3v.eu/user/chpass2]


Processing UserController#chpass2 (for 91.149.228.11 at 2010-06-10 23:18:10) [POST]
  Parameters: {"commit"=>"Zmien", "authenticity_token"=>"6kVPbuu2Q+UTd6xUy9RXyGEslPwPBzI+6vHaTzPauNE=", "user"=>{"username"=>"asdf", "password"=>"asdf"}}
  [4;35;1mUser Load (0.4ms)[0m   [0mSELECT * FROM "users" LIMIT 1[0m
Rendering user/chpass2
Completed in 6ms (View: 1, DB: 0) | 200 OK [http://rails.d3v.eu/user/chpass2]
  [4;36;1mSQL (0.3ms)[0m   [0;1m SELECT name
 FROM sqlite_master
 WHERE type = 'table' AND NOT name = 'sqlite_sequence'
[0m
  [4;35;1mSQL (0.1ms)[0m   [0mselect sqlite_version(*)[0m
  [4;36;1mSQL (36.3ms)[0m   [0;1mCREATE TABLE "schema_migrations" ("version" varchar(255) NOT NULL) [0m
  [4;35;1mSQL (6.7ms)[0m   [0mCREATE UNIQUE INDEX "unique_schema_migrations" ON "schema_migrations" ("version")[0m
  [4;36;1mSQL (0.2ms)[0m   [0;1m SELECT name
 FROM sqlite_master
 WHERE type = 'table' AND NOT name = 'sqlite_sequence'
[0m
  [4;35;1mSQL (0.1ms)[0m   [0mSELECT version FROM schema_migrations[0m
Migrating to CreateQuestions (20100526203639)
  [4;36;1mSQL (0.4ms)[0m   [0;1mCREATE TABLE "questions" ("id" INTEGER PRIMARY KEY AUTOINCREMENT NOT NULL, "content" varchar(255), "a1" varchar(255), "a2" varchar(255), "a3" varchar(255), "a4" varchar(255), "good_answer" varchar(255), "created_at" datetime, "updated_at" datetime) [0m
  [4;35;1mSQL (0.1ms)[0m   [0mINSERT INTO schema_migrations (version) VALUES ('20100526203639')[0m
Migrating to CreateTests (20100527163530)
  [4;36;1mSQL (0.3ms)[0m   [0;1mCREATE TABLE "tests" ("id" INTEGER PRIMARY KEY AUTOINCREMENT NOT NULL, "created_at" datetime, "updated_at" datetime) [0m
  [4;35;1mSQL (0.1ms)[0m   [0mINSERT INTO schema_migrations (version) VALUES ('20100527163530')[0m
Migrating to User (20100610210456)
  [4;36;1mSQL (0.3ms)[0m   [0;1mCREATE TABLE "users" ("id" INTEGER PRIMARY KEY AUTOINCREMENT NOT NULL, "username" varchar(255), "password" varchar(255)) [0m
  [4;36;1mSQL (0.3ms)[0m   [0;1m SELECT name
 FROM sqlite_master
 WHERE type = 'table' AND NOT name = 'sqlite_sequence'
[0m
  [4;35;1mSQL (0.1ms)[0m   [0mselect sqlite_version(*)[0m
  [4;36;1mSQL (34.2ms)[0m   [0;1mCREATE TABLE "schema_migrations" ("version" varchar(255) NOT NULL) [0m
  [4;35;1mSQL (7.1ms)[0m   [0mCREATE UNIQUE INDEX "unique_schema_migrations" ON "schema_migrations" ("version")[0m
  [4;36;1mSQL (0.2ms)[0m   [0;1m SELECT name
 FROM sqlite_master
 WHERE type = 'table' AND NOT name = 'sqlite_sequence'
[0m
  [4;35;1mSQL (0.1ms)[0m   [0mSELECT version FROM schema_migrations[0m
Migrating to CreateQuestions (20100526203639)
  [4;36;1mSQL (0.4ms)[0m   [0;1mCREATE TABLE "questions" ("id" INTEGER PRIMARY KEY AUTOINCREMENT NOT NULL, "content" varchar(255), "a1" varchar(255), "a2" varchar(255), "a3" varchar(255), "a4" varchar(255), "good_answer" varchar(255), "created_at" datetime, "updated_at" datetime) [0m
  [4;35;1mSQL (0.1ms)[0m   [0mINSERT INTO schema_migrations (version) VALUES ('20100526203639')[0m
Migrating to CreateTests (20100527163530)
  [4;36;1mSQL (0.3ms)[0m   [0;1mCREATE TABLE "tests" ("id" INTEGER PRIMARY KEY AUTOINCREMENT NOT NULL, "created_at" datetime, "updated_at" datetime) [0m
  [4;35;1mSQL (0.1ms)[0m   [0mINSERT INTO schema_migrations (version) VALUES ('20100527163530')[0m
Migrating to User (20100610210456)
  [4;36;1mSQL (0.3ms)[0m   [0;1mCREATE TABLE "users" ("id" INTEGER PRIMARY KEY AUTOINCREMENT NOT NULL, "username" varchar(255), "password" varchar(255)) [0m
  [4;36;1mSQL (0.5ms)[0m   [0;1m SELECT name
 FROM sqlite_master
 WHERE type = 'table' AND NOT name = 'sqlite_sequence'
[0m
  [4;35;1mSQL (0.2ms)[0m   [0mSELECT version FROM schema_migrations[0m
Migrating to CreateQuestions (20100526203639)
Migrating to CreateTests (20100527163530)
Migrating to User (20100610210456)
  [4;36;1mSQL (0.1ms)[0m   [0;1mselect sqlite_version(*)[0m
  [4;35;1mSQL (0.5ms)[0m   [0mCREATE TABLE "users" ("id" INTEGER PRIMARY KEY AUTOINCREMENT NOT NULL, "username" varchar(255), "password" varchar(255)) [0m
  [4;36;1mSQL (0.1ms)[0m   [0;1mINSERT INTO schema_migrations (version) VALUES ('20100610210456')[0m
  [4;35;1mSQL (0.3ms)[0m   [0m SELECT name
 FROM sqlite_master
 WHERE type = 'table' AND NOT name = 'sqlite_sequence'
[0m
  [4;36;1mSQL (0.2ms)[0m   [0;1mSELECT version FROM schema_migrations[0m
  [4;35;1mSQL (0.3ms)[0m   [0m SELECT name
 FROM sqlite_master
 WHERE type = 'table' AND NOT name = 'sqlite_sequence'
[0m
  [4;36;1mSQL (0.1ms)[0m   [0;1mPRAGMA index_list("questions")[0m
  [4;35;1mSQL (0.1ms)[0m   [0mPRAGMA index_list("tests")[0m
  [4;36;1mSQL (0.1ms)[0m   [0;1mPRAGMA index_list("users")[0m


Processing UserController#chpass2 (for 91.149.228.11 at 2010-06-10 23:21:21) [POST]
  Parameters: {"commit"=>"Zmien", "authenticity_token"=>"6kVPbuu2Q+UTd6xUy9RXyGEslPwPBzI+6vHaTzPauNE=", "user"=>{"username"=>"asdf", "password"=>"asdf"}}
  [4;36;1mUser Load (0.4ms)[0m   [0;1mSELECT * FROM "users" LIMIT 1[0m
Rendering user/chpass2
Completed in 6ms (View: 1, DB: 0) | 200 OK [http://rails.d3v.eu/user/chpass2]


Processing UserController#chpass2 (for 91.149.228.11 at 2010-06-10 23:26:56) [POST]
  Parameters: {"commit"=>"Zmien", "authenticity_token"=>"6kVPbuu2Q+UTd6xUy9RXyGEslPwPBzI+6vHaTzPauNE=", "user"=>{"username"=>"asdf", "password"=>"asdf"}}
  [4;35;1mUser Load (0.4ms)[0m   [0mSELECT * FROM "users" LIMIT 1[0m
Rendering user/chpass2
Completed in 6ms (View: 1, DB: 0) | 200 OK [http://rails.d3v.eu/user/chpass2]
  [4;36;1mSQL (0.3ms)[0m   [0;1m SELECT name
 FROM sqlite_master
 WHERE type = 'table' AND NOT name = 'sqlite_sequence'
[0m
  [4;35;1mSQL (0.1ms)[0m   [0mselect sqlite_version(*)[0m
  [4;36;1mSQL (34.2ms)[0m   [0;1mCREATE TABLE "schema_migrations" ("version" varchar(255) NOT NULL) [0m
  [4;35;1mSQL (7.2ms)[0m   [0mCREATE UNIQUE INDEX "unique_schema_migrations" ON "schema_migrations" ("version")[0m
  [4;36;1mSQL (0.2ms)[0m   [0;1m SELECT name
 FROM sqlite_master
 WHERE type = 'table' AND NOT name = 'sqlite_sequence'
[0m
  [4;35;1mSQL (0.1ms)[0m   [0mSELECT version FROM schema_migrations[0m
Migrating to CreateQuestions (20100526203639)
  [4;36;1mSQL (0.4ms)[0m   [0;1mCREATE TABLE "questions" ("id" INTEGER PRIMARY KEY AUTOINCREMENT NOT NULL, "content" varchar(255), "a1" varchar(255), "a2" varchar(255), "a3" varchar(255), "a4" varchar(255), "good_answer" varchar(255), "created_at" datetime, "updated_at" datetime) [0m
  [4;35;1mSQL (0.1ms)[0m   [0mINSERT INTO schema_migrations (version) VALUES ('20100526203639')[0m
Migrating to CreateTests (20100527163530)
  [4;36;1mSQL (0.3ms)[0m   [0;1mCREATE TABLE "tests" ("id" INTEGER PRIMARY KEY AUTOINCREMENT NOT NULL, "created_at" datetime, "updated_at" datetime) [0m
  [4;35;1mSQL (0.1ms)[0m   [0mINSERT INTO schema_migrations (version) VALUES ('20100527163530')[0m
Migrating to User (20100610210456)
  [4;36;1mSQL (0.6ms)[0m   [0;1m SELECT name
 FROM sqlite_master
 WHERE type = 'table' AND NOT name = 'sqlite_sequence'
[0m
  [4;35;1mSQL (0.2ms)[0m   [0mSELECT version FROM schema_migrations[0m
Migrating to CreateQuestions (20100526203639)
Migrating to CreateTests (20100527163530)
Migrating to User (20100610210456)
  [4;36;1mSQL (0.1ms)[0m   [0;1mselect sqlite_version(*)[0m
  [4;35;1mSQL (0.2ms)[0m   [0m SELECT name
 FROM sqlite_master
 WHERE type = 'table' AND NOT name = 'sqlite_sequence'
[0m


Processing UserController#chpass2 (for 91.149.228.11 at 2010-06-10 23:28:48) [POST]
  Parameters: {"commit"=>"Zmien", "authenticity_token"=>"6kVPbuu2Q+UTd6xUy9RXyGEslPwPBzI+6vHaTzPauNE=", "user"=>{"username"=>"asdf", "password"=>"asdf"}}
  [4;36;1mUser Load (0.0ms)[0m   [0;1mSQLite3::SQLException: no such table: users: SELECT * FROM "users" LIMIT 1[0m

ActiveRecord::StatementInvalid (SQLite3::SQLException: no such table: users: SELECT * FROM "users"  LIMIT 1):
  app/controllers/user_controller.rb:5:in `chpass2'

Rendered rescues/_trace (88.3ms)
Rendered rescues/_request_and_response (0.4ms)
Rendering rescues/layout (internal_server_error)
  [4;36;1mSQL (0.6ms)[0m   [0;1m SELECT name
 FROM sqlite_master
 WHERE type = 'table' AND NOT name = 'sqlite_sequence'
[0m
  [4;35;1mSQL (0.2ms)[0m   [0mSELECT version FROM schema_migrations[0m
Migrating to CreateQuestions (20100526203639)
Migrating to CreateTests (20100527163530)
Migrating to User (20100610210456)
  [4;36;1mSQL (0.1ms)[0m   [0;1mselect sqlite_version(*)[0m
  [4;35;1mSQL (0.4ms)[0m   [0mCREATE TABLE "users" ("id" INTEGER PRIMARY KEY AUTOINCREMENT NOT NULL, "username" varchar(255), "password" varchar(255)) [0m
  [4;36;1mSQL (0.6ms)[0m   [0;1m SELECT name
 FROM sqlite_master
 WHERE type = 'table' AND NOT name = 'sqlite_sequence'
[0m
  [4;35;1mSQL (0.2ms)[0m   [0mSELECT version FROM schema_migrations[0m
Migrating to CreateQuestions (20100526203639)
Migrating to CreateTests (20100527163530)
Migrating to Users (20100610212955)
  [4;36;1mSQL (0.1ms)[0m   [0;1mselect sqlite_version(*)[0m
  [4;35;1mSQL (0.4ms)[0m   [0mCREATE TABLE "users" ("id" INTEGER PRIMARY KEY AUTOINCREMENT NOT NULL, "username" varchar(255), "password" varchar(255)) [0m
  [4;36;1mUser Create (0.1ms)[0m   [0;1mINSERT INTO "users" ("username", "password") VALUES('test', 'test')[0m
  [4;35;1mSQL (0.1ms)[0m   [0mINSERT INTO schema_migrations (version) VALUES ('20100610212955')[0m
  [4;36;1mSQL (0.3ms)[0m   [0;1m SELECT name
 FROM sqlite_master
 WHERE type = 'table' AND NOT name = 'sqlite_sequence'
[0m
  [4;35;1mSQL (0.2ms)[0m   [0mSELECT version FROM schema_migrations[0m
  [4;36;1mSQL (0.2ms)[0m   [0;1m SELECT name
 FROM sqlite_master
 WHERE type = 'table' AND NOT name = 'sqlite_sequence'
[0m
  [4;35;1mSQL (0.1ms)[0m   [0mPRAGMA index_list("questions")[0m
  [4;36;1mSQL (0.1ms)[0m   [0;1mPRAGMA index_list("tests")[0m
  [4;35;1mSQL (0.1ms)[0m   [0mPRAGMA index_list("users")[0m


Processing UserController#chpass2 (for 91.149.228.11 at 2010-06-10 23:30:42) [POST]
  Parameters: {"commit"=>"Zmien", "authenticity_token"=>"6kVPbuu2Q+UTd6xUy9RXyGEslPwPBzI+6vHaTzPauNE=", "user"=>{"username"=>"asdf", "password"=>"asdf"}}
  [4;35;1mUser Load (0.5ms)[0m   [0mSELECT * FROM "users" LIMIT 1[0m
Rendering user/chpass2
Completed in 8ms (View: 2, DB: 1) | 200 OK [http://rails.d3v.eu/user/chpass2]


Processing UserController#chpass2 (for 91.149.228.11 at 2010-06-10 23:33:04) [POST]
  Parameters: {"commit"=>"Zmien", "authenticity_token"=>"6kVPbuu2Q+UTd6xUy9RXyGEslPwPBzI+6vHaTzPauNE=", "user"=>{"username"=>"asdf", "password"=>"asdf"}}
  [4;36;1mUser Load (0.5ms)[0m   [0;1mSELECT * FROM "users" LIMIT 1[0m
  [4;35;1mUser Update (0.2ms)[0m   [0mUPDATE "users" SET "username" = 'asdf', "password" = 'asdf' WHERE "id" = 1[0m
Rendering user/chpass2
Completed in 20ms (View: 2, DB: 1) | 200 OK [http://rails.d3v.eu/user/chpass2]


Processing UserController#chpass2 (for 91.149.228.11 at 2010-06-10 23:33:10) [POST]
  Parameters: {"commit"=>"Zmien", "authenticity_token"=>"6kVPbuu2Q+UTd6xUy9RXyGEslPwPBzI+6vHaTzPauNE=", "user"=>{"username"=>"asdf", "password"=>"asdf"}}
  [4;36;1mUser Load (0.5ms)[0m   [0;1mSELECT * FROM "users" LIMIT 1[0m
Rendering user/chpass2
Completed in 9ms (View: 2, DB: 1) | 200 OK [http://rails.d3v.eu/user/chpass2]


Processing UserController#chpass2 (for 91.149.228.11 at 2010-06-10 23:33:12) [POST]
  Parameters: {"commit"=>"Zmien", "authenticity_token"=>"6kVPbuu2Q+UTd6xUy9RXyGEslPwPBzI+6vHaTzPauNE=", "user"=>{"username"=>"asdf", "password"=>"asdf"}}
  [4;35;1mUser Load (0.6ms)[0m   [0mSELECT * FROM "users" LIMIT 1[0m
Rendering user/chpass2
Completed in 10ms (View: 2, DB: 1) | 200 OK [http://rails.d3v.eu/user/chpass2]


Processing UserController#chpass2 (for 91.149.228.11 at 2010-06-10 23:33:28) [POST]
  Parameters: {"commit"=>"Zmien", "authenticity_token"=>"6kVPbuu2Q+UTd6xUy9RXyGEslPwPBzI+6vHaTzPauNE=", "user"=>{"username"=>"trolol", "password"=>"asdfzxc"}}
  [4;36;1mUser Load (0.5ms)[0m   [0;1mSELECT * FROM "users" LIMIT 1[0m
  [4;35;1mUser Update (0.2ms)[0m   [0mUPDATE "users" SET "username" = 'trolol', "password" = 'asdfzxc' WHERE "id" = 1[0m
Rendering user/chpass2
Completed in 41ms (View: 2, DB: 1) | 200 OK [http://rails.d3v.eu/user/chpass2]


Processing TestController#new (for 91.149.228.11 at 2010-06-10 23:40:34) [GET]
  [4;36;1mQuestion Load (0.4ms)[0m   [0;1mSELECT * FROM "questions" ORDER BY RANDOM() LIMIT 10[0m
Rendering template within layouts/questions
Rendering test/new
Completed in 8ms (View: 3, DB: 0) | 200 OK [http://rails.d3v.eu/]


Processing TestController#new (for 91.149.228.11 at 2010-06-10 23:42:07) [GET]
  [4;35;1mQuestion Load (0.4ms)[0m   [0mSELECT * FROM "questions" ORDER BY RANDOM() LIMIT 10[0m
Rendering template within layouts/questions
Rendering test/new
Completed in 34ms (View: 28, DB: 0) | 200 OK [http://rails.d3v.eu/]


Processing QuestionsController#index (for 91.149.228.11 at 2010-06-10 23:42:24) [GET]
  [4;36;1mUser Load (0.5ms)[0m   [0;1mSELECT * FROM "users" LIMIT 1[0m
Filter chain halted as [:authenticate] rendered_or_redirected.
Completed in 5ms (View: 0, DB: 1) | 401 Unauthorized [http://rails.d3v.eu/questions]


Processing QuestionsController#index (for 91.149.228.11 at 2010-06-10 23:42:28) [GET]
  [4;35;1mUser Load (0.5ms)[0m   [0mSELECT * FROM "users" LIMIT 1[0m
Filter chain halted as [:authenticate] rendered_or_redirected.
Completed in 5ms (View: 1, DB: 0) | 401 Unauthorized [http://rails.d3v.eu/questions]
  [4;36;1mSQL (0.3ms)[0m   [0;1m SELECT name
 FROM sqlite_master
 WHERE type = 'table' AND NOT name = 'sqlite_sequence'
[0m
  [4;35;1mSQL (0.1ms)[0m   [0mselect sqlite_version(*)[0m
  [4;36;1mSQL (34.5ms)[0m   [0;1mCREATE TABLE "schema_migrations" ("version" varchar(255) NOT NULL) [0m
  [4;35;1mSQL (7.6ms)[0m   [0mCREATE UNIQUE INDEX "unique_schema_migrations" ON "schema_migrations" ("version")[0m
  [4;36;1mSQL (0.2ms)[0m   [0;1m SELECT name
 FROM sqlite_master
 WHERE type = 'table' AND NOT name = 'sqlite_sequence'
[0m
  [4;35;1mSQL (0.1ms)[0m   [0mSELECT version FROM schema_migrations[0m
Migrating to CreateQuestions (20100526203639)
  [4;36;1mSQL (0.4ms)[0m   [0;1mCREATE TABLE "questions" ("id" INTEGER PRIMARY KEY AUTOINCREMENT NOT NULL, "content" varchar(255), "a1" varchar(255), "a2" varchar(255), "a3" varchar(255), "a4" varchar(255), "good_answer" varchar(255), "created_at" datetime, "updated_at" datetime) [0m
  [4;35;1mSQL (0.1ms)[0m   [0mINSERT INTO schema_migrations (version) VALUES ('20100526203639')[0m
Migrating to CreateTests (20100527163530)
  [4;36;1mSQL (0.3ms)[0m   [0;1mCREATE TABLE "tests" ("id" INTEGER PRIMARY KEY AUTOINCREMENT NOT NULL, "created_at" datetime, "updated_at" datetime) [0m
  [4;35;1mSQL (0.1ms)[0m   [0mINSERT INTO schema_migrations (version) VALUES ('20100527163530')[0m
Migrating to Users (20100610212955)
  [4;36;1mSQL (0.3ms)[0m   [0;1mCREATE TABLE "users" ("id" INTEGER PRIMARY KEY AUTOINCREMENT NOT NULL, "username" varchar(255), "password" varchar(255)) [0m
  [4;35;1mUser Create (0.1ms)[0m   [0mINSERT INTO "users" ("username", "password") VALUES('test', 'test')[0m
  [4;36;1mSQL (0.1ms)[0m   [0;1mINSERT INTO schema_migrations (version) VALUES ('20100610212955')[0m
  [4;35;1mSQL (0.3ms)[0m   [0m SELECT name
 FROM sqlite_master
 WHERE type = 'table' AND NOT name = 'sqlite_sequence'
[0m
  [4;36;1mSQL (0.2ms)[0m   [0;1mSELECT version FROM schema_migrations[0m
  [4;35;1mSQL (0.2ms)[0m   [0m SELECT name
 FROM sqlite_master
 WHERE type = 'table' AND NOT name = 'sqlite_sequence'
[0m
  [4;36;1mSQL (0.1ms)[0m   [0;1mPRAGMA index_list("questions")[0m
  [4;35;1mSQL (0.1ms)[0m   [0mPRAGMA index_list("tests")[0m
  [4;36;1mSQL (0.1ms)[0m   [0;1mPRAGMA index_list("users")[0m


Processing QuestionsController#index (for 91.149.228.11 at 2010-06-10 23:43:04) [GET]
  [4;36;1mUser Load (0.5ms)[0m   [0;1mSELECT * FROM "users" LIMIT 1[0m
Filter chain halted as [:authenticate] rendered_or_redirected.
Completed in 5ms (View: 0, DB: 1) | 401 Unauthorized [http://rails.d3v.eu/questions]


Processing QuestionsController#index (for 91.149.228.11 at 2010-06-10 23:43:15) [GET]
  [4;35;1mUser Load (0.5ms)[0m   [0mSELECT * FROM "users" LIMIT 1[0m
  [4;36;1mQuestion Load (0.1ms)[0m   [0;1mSELECT * FROM "questions" [0m
Rendering template within layouts/questions
Rendering questions/index
Completed in 12ms (View: 1, DB: 1) | 200 OK [http://rails.d3v.eu/questions]


Processing QuestionsController#index (for 91.149.228.11 at 2010-06-10 23:49:37) [GET]
Filter chain halted as [:authenticate] rendered_or_redirected.
Completed in 1ms (View: 0, DB: 0) | 401 Unauthorized [http://rails.d3v.eu/questions]


Processing ApplicationController#chpass (for 91.149.228.11 at 2010-06-10 23:49:47) [GET]

SyntaxError (/home/users/mith/testgen/app/controllers/user_controller.rb:18: syntax error, unexpected $end, expecting kEND):
  

Rendered rescues/_trace (31.0ms)
Rendered rescues/_request_and_response (0.3ms)
Rendering rescues/layout (internal_server_error)


Processing QuestionsController#index (for 91.149.228.11 at 2010-06-10 23:50:02) [GET]
  [4;35;1mUser Load (0.5ms)[0m   [0mSELECT * FROM "users" LIMIT 1[0m
  [4;36;1mQuestion Load (0.1ms)[0m   [0;1mSELECT * FROM "questions" [0m
Rendering template within layouts/questions
Rendering questions/index
Completed in 11ms (View: 1, DB: 1) | 200 OK [http://rails.d3v.eu/questions]


Processing UserController#chpass (for 91.149.228.11 at 2010-06-10 23:50:03) [GET]
  [4;35;1mUser Load (0.5ms)[0m   [0mSELECT * FROM "users" LIMIT 1[0m
Rendering user/chpass
Completed in 10ms (View: 3, DB: 1) | 200 OK [http://rails.d3v.eu/user/chpass]


Processing UserController#chpass2 (for 91.149.228.11 at 2010-06-10 23:50:11) [POST]
  Parameters: {"commit"=>"Zmien", "authenticity_token"=>"6kVPbuu2Q+UTd6xUy9RXyGEslPwPBzI+6vHaTzPauNE=", "user"=>{"username"=>"jdrabek", "password"=>"zlo"}}
  [4;36;1mUser Load (0.5ms)[0m   [0;1mSELECT * FROM "users" LIMIT 1[0m
  [4;35;1mCACHE (0.0ms)[0m   [0mSELECT * FROM "users" LIMIT 1[0m
  [4;36;1mUser Update (0.2ms)[0m   [0;1mUPDATE "users" SET "username" = 'jdrabek', "password" = 'zlo' WHERE "id" = 1[0m
Rendering user/chpass2
Completed in 42ms (View: 2, DB: 1) | 200 OK [http://rails.d3v.eu/user/chpass2]


Processing QuestionsController#index (for 91.149.228.11 at 2010-06-10 23:50:17) [GET]
  [4;35;1mUser Load (0.5ms)[0m   [0mSELECT * FROM "users" LIMIT 1[0m
  [4;36;1mQuestion Load (0.1ms)[0m   [0;1mSELECT * FROM "questions" [0m
Rendering template within layouts/questions
Rendering questions/index
Completed in 12ms (View: 1, DB: 1) | 200 OK [http://rails.d3v.eu/questions]


Processing QuestionsController#index (for 91.149.228.11 at 2010-06-10 23:51:21) [GET]
  [4;35;1mUser Load (0.5ms)[0m   [0mSELECT * FROM "users" LIMIT 1[0m
Filter chain halted as [:authenticate] rendered_or_redirected.
Completed in 5ms (View: 0, DB: 1) | 401 Unauthorized [http://rails.d3v.eu/questions]


Processing QuestionsController#index (for 91.149.228.11 at 2010-06-10 23:51:25) [GET]
  [4;36;1mUser Load (0.5ms)[0m   [0;1mSELECT * FROM "users" LIMIT 1[0m
  [4;35;1mQuestion Load (0.1ms)[0m   [0mSELECT * FROM "questions" [0m
Rendering template within layouts/questions
Rendering questions/index
Completed in 12ms (View: 1, DB: 1) | 200 OK [http://rails.d3v.eu/questions]


Processing UserController#chpass (for 91.149.228.11 at 2010-06-10 23:51:28) [GET]
  [4;36;1mUser Load (0.5ms)[0m   [0;1mSELECT * FROM "users" LIMIT 1[0m
Rendering template within layouts/questions
Rendering user/chpass
Completed in 10ms (View: 3, DB: 0) | 200 OK [http://rails.d3v.eu/user/chpass]


Processing UserController#chpass2 (for 91.149.228.11 at 2010-06-10 23:51:32) [POST]
  Parameters: {"commit"=>"Zmien", "authenticity_token"=>"6kVPbuu2Q+UTd6xUy9RXyGEslPwPBzI+6vHaTzPauNE=", "user"=>{"username"=>"", "password"=>""}}
  [4;35;1mUser Load (0.5ms)[0m   [0mSELECT * FROM "users" LIMIT 1[0m
  [4;36;1mCACHE (0.0ms)[0m   [0;1mSELECT * FROM "users" LIMIT 1[0m
  [4;35;1mUser Update (0.2ms)[0m   [0mUPDATE "users" SET "username" = '', "password" = '' WHERE "id" = 1[0m
Rendering template within layouts/questions
Rendering user/chpass2
Completed in 103ms (View: 4, DB: 1) | 200 OK [http://rails.d3v.eu/user/chpass2]


Processing UserController#chpass2 (for 91.149.228.11 at 2010-06-10 23:51:40) [POST]
  Parameters: {"commit"=>"Zmien", "authenticity_token"=>"6kVPbuu2Q+UTd6xUy9RXyGEslPwPBzI+6vHaTzPauNE=", "user"=>{"username"=>"jdrabek", "password"=>"asdf"}}
  [4;36;1mUser Load (0.5ms)[0m   [0;1mSELECT * FROM "users" LIMIT 1[0m
Filter chain halted as [:authenticate] rendered_or_redirected.
Completed in 5ms (View: 0, DB: 1) | 401 Unauthorized [http://rails.d3v.eu/user/chpass2]


Processing UserController#chpass2 (for 91.149.228.11 at 2010-06-10 23:51:44) [POST]
  Parameters: {"commit"=>"Zmien", "authenticity_token"=>"6kVPbuu2Q+UTd6xUy9RXyGEslPwPBzI+6vHaTzPauNE=", "user"=>{"username"=>"jdrabek", "password"=>"asdf"}}
  [4;35;1mUser Load (0.5ms)[0m   [0mSELECT * FROM "users" LIMIT 1[0m
  [4;36;1mCACHE (0.0ms)[0m   [0;1mSELECT * FROM "users" LIMIT 1[0m
  [4;35;1mUser Update (0.2ms)[0m   [0mUPDATE "users" SET "username" = 'jdrabek', "password" = 'asdf' WHERE "id" = 1[0m
Rendering template within layouts/questions
Rendering user/chpass2
Completed in 14ms (View: 1, DB: 1) | 200 OK [http://rails.d3v.eu/user/chpass2]


Processing UserController#chpass2 (for 91.149.228.11 at 2010-06-10 23:51:46) [POST]
  Parameters: {"commit"=>"Zmien", "authenticity_token"=>"6kVPbuu2Q+UTd6xUy9RXyGEslPwPBzI+6vHaTzPauNE=", "user"=>{"username"=>"jdrabek", "password"=>"asdf"}}
  [4;36;1mUser Load (0.5ms)[0m   [0;1mSELECT * FROM "users" LIMIT 1[0m
Filter chain halted as [:authenticate] rendered_or_redirected.
Completed in 6ms (View: 0, DB: 1) | 401 Unauthorized [http://rails.d3v.eu/user/chpass2]


Processing UserController#chpass2 (for 91.149.228.11 at 2010-06-10 23:51:52) [POST]
  Parameters: {"commit"=>"Zmien", "authenticity_token"=>"6kVPbuu2Q+UTd6xUy9RXyGEslPwPBzI+6vHaTzPauNE=", "user"=>{"username"=>"jdrabek", "password"=>"asdf"}}
  [4;35;1mUser Load (0.5ms)[0m   [0mSELECT * FROM "users" LIMIT 1[0m
Filter chain halted as [:authenticate] rendered_or_redirected.
Completed in 5ms (View: 0, DB: 1) | 401 Unauthorized [http://rails.d3v.eu/user/chpass2]


Processing UserController#chpass2 (for 91.149.228.11 at 2010-06-10 23:51:56) [POST]
  Parameters: {"commit"=>"Zmien", "authenticity_token"=>"6kVPbuu2Q+UTd6xUy9RXyGEslPwPBzI+6vHaTzPauNE=", "user"=>{"username"=>"jdrabek", "password"=>"asdf"}}
  [4;36;1mUser Load (0.5ms)[0m   [0;1mSELECT * FROM "users" LIMIT 1[0m
  [4;35;1mCACHE (0.0ms)[0m   [0mSELECT * FROM "users" LIMIT 1[0m
Rendering template within layouts/questions
Rendering user/chpass2
Completed in 9ms (View: 1, DB: 0) | 200 OK [http://rails.d3v.eu/user/chpass2]


Processing QuestionsController#index (for 91.149.228.11 at 2010-06-10 23:53:37) [GET]
Filter chain halted as [:authenticate] rendered_or_redirected.
Completed in 1ms (View: 0, DB: 0) | 401 Unauthorized [http://rails.d3v.eu/questions]


Processing QuestionsController#index (for 91.149.228.11 at 2010-06-10 23:53:37) [GET]
  [4;36;1mUser Load (0.5ms)[0m   [0;1mSELECT * FROM "users" LIMIT 1[0m
  [4;35;1mQuestion Load (0.2ms)[0m   [0mSELECT * FROM "questions" [0m
Rendering template within layouts/questions
Rendering questions/index
Completed in 12ms (View: 1, DB: 1) | 200 OK [http://rails.d3v.eu/questions]
